

Version:	3.50
CmdLine:	C:\Users\ASUS\TRABAJO_GRUPO\Crud_ElectrodomesticosPerugachi_RODRIGUEM_rOGDRIGUES._RODRIGUEZ-F\out\artifacts\Crud_Electrodomesticos_jar\Crud_Electrodomesticos.exe --l4j-debug
JNI:		No
WOW64:		Yes
Working dir:	C:\Users\ASUS\TRABAJO_GRUPO\Crud_ElectrodomesticosPerugachi_RODRIGUEM_rOGDRIGUES._RODRIGUEZ-F\out\artifacts\Crud_Electrodomesticos_jar\.
Requires JDK:	No
Requires 64-Bit: No
Java min ver:	
Java max ver:	
Substitute:	JAVA_HOME = 
Substitute:	PATH = C:\Program Files\Common Files\Oracle\Java\javapath;C:\WINDOWS\system32;C:\WINDOWS;C:\WINDOWS\System32\Wbem;C:\WINDOWS\System32\WindowsPowerShell\v1.0\;C:\WINDOWS\System32\OpenSSH\;C:\Program Files (x86)\Microsoft SQL Server\160\Tools\Binn\;C:\Program Files\Microsoft SQL Server\160\Tools\Binn\;C:\Program Files\Microsoft SQL Server\Client SDK\ODBC\170\Tools\Binn\;C:\Program Files\Microsoft SQL Server\160\DTS\Binn\;C:\Program Files\Git\cmd;C:\Program Files (x86)\nodejs\;C:\Program Files\nodejs\;C:\Program Files\MySQL\MySQL Server 8.0\bin;C:\sqlite;C:\Program Files\PuTTY\;C:\Program Files\PowerShell\7\;C:\Program Files\MySQL\MySQL Shell 8.0\bin\;C:\Users\ASUS\AppData\Local\Programs\Python\Python312\Scripts\;C:\Users\ASUS\AppData\Local\Programs\Python\Python312\;C:\Users\ASUS\AppData\Local\Programs\Python\Launcher\;C:\Users\ASUS\AppData\Local\Microsoft\WindowsApps;C:\Users\ASUS\AppData\Local\Programs\Microsoft VS Code\bin;C:\Users\ASUS\AppData\Roaming\npm;C:\Users\ASUS\AppData\Local\GitHubDesktop\bin;C:\Program Files\JetBrains\IntelliJ IDEA 2026.1.3\bin;C:\Program Files\Java\jdk-21.0.10\bin
JRE paths:	;C:\Program Files\Common Files\Oracle\Java\javapath;C:\WINDOWS\system32;C:\WINDOWS;C:\WINDOWS\System32\Wbem;C:\WINDOWS\System32\WindowsPowerShell\v1.0\;C:\WINDOWS\System32\OpenSSH\;C:\Program Files (x86)\Microsoft SQL Server\160\Tools\Binn\;C:\Program Files\Microsoft SQL Server\160\Tools\Binn\;C:\Program Files\Microsoft SQL Server\Client SDK\ODBC\170\Tools\Binn\;C:\Program Files\Microsoft SQL Server\160\DTS\Binn\;C:\Program Files\Git\cmd;C:\Program Files (x86)\nodejs\;C:\Program Files\nodejs\;C:\Program Files\MySQL\MySQL Server 8.0\bin;C:\sqlite;C:\Program Files\PuTTY\;C:\Program Files\PowerShell\7\;C:\Program Files\MySQL\MySQL Shell 8.0\bin\;C:\Users\ASUS\AppData\Local\Programs\Python\Python312\Scripts\;C:\Users\ASUS\AppData\Local\Programs\Python\Python312\;C:\Users\ASUS\AppData\Local\Programs\Python\Launcher\;C:\Users\ASUS\AppData\Local\Microsoft\WindowsApps;C:\Users\ASUS\AppData\Local\Programs\Microsoft VS Code\bin;C:\Users\ASUS\AppData\Roaming\npm;C:\Users\ASUS\AppData\Local\GitHubDesktop\bin;C:\Program Files\JetBrains\IntelliJ IDEA 2026.1.3\bin;C:\Program Files\Java\jdk-21.0.10\bin
Check launcher:	C:\Program Files\Common Files\Oracle\Java\javapath\bin\javaw.exe (not found)
Check launcher:	C:\WINDOWS\system32\bin\javaw.exe (not found)
Check launcher:	C:\WINDOWS\bin\javaw.exe (not found)
Check launcher:	C:\WINDOWS\System32\Wbem\bin\javaw.exe (not found)
Check launcher:	C:\WINDOWS\System32\WindowsPowerShell\v1.0\bin\javaw.exe (not found)
Check launcher:	C:\WINDOWS\System32\OpenSSH\bin\javaw.exe (not found)
Check launcher:	C:\Program Files (x86)\Microsoft SQL Server\160\Tools\Binn\bin\javaw.exe (not found)
Check launcher:	C:\Program Files\Microsoft SQL Server\160\Tools\Binn\bin\javaw.exe (not found)
Check launcher:	C:\Program Files\Microsoft SQL Server\Client SDK\ODBC\170\Tools\Binn\bin\javaw.exe (not found)
Check launcher:	C:\Program Files\Microsoft SQL Server\160\DTS\Binn\bin\javaw.exe (not found)
Check launcher:	C:\Program Files\Git\cmd\bin\javaw.exe (not found)
Check launcher:	C:\Program Files (x86)\nodejs\bin\javaw.exe (not found)
Check launcher:	C:\Program Files\nodejs\bin\javaw.exe (not found)
Check launcher:	C:\Program Files\MySQL\MySQL Server 8.0\bin\javaw.exe (not found)
Check launcher:	C:\sqlite\bin\javaw.exe (not found)
Check launcher:	C:\Program Files\PuTTY\bin\javaw.exe (not found)
Check launcher:	C:\Program Files\PowerShell\7\bin\javaw.exe (not found)
Check launcher:	C:\Program Files\MySQL\MySQL Shell 8.0\bin\bin\javaw.exe (not found)
Check launcher:	C:\Users\ASUS\AppData\Local\Programs\Python\Python312\Scripts\bin\javaw.exe (not found)
Check launcher:	C:\Users\ASUS\AppData\Local\Programs\Python\Python312\bin\javaw.exe (not found)
Check launcher:	C:\Users\ASUS\AppData\Local\Programs\Python\Launcher\bin\javaw.exe (not found)
Check launcher:	C:\Users\ASUS\AppData\Local\Microsoft\WindowsApps\bin\javaw.exe (not found)
Check launcher:	C:\Users\ASUS\AppData\Local\Programs\Microsoft VS Code\bin\javaw.exe (not found)
Check launcher:	C:\Users\ASUS\AppData\Roaming\npm\bin\javaw.exe (not found)
Check launcher:	C:\Users\ASUS\AppData\Local\GitHubDesktop\bin\javaw.exe (not found)
Check launcher:	C:\Program Files\JetBrains\IntelliJ IDEA 2026.1.3\bin\javaw.exe (not found)
Check launcher:	C:\Program Files\Java\jdk-21.0.10\bin\javaw.exe (OK)
Version string: 1.021.000_010 / 64-Bit (OK)
Launcher:	C:\Program Files\Java\jdk-21.0.10\bin\javaw.exe
Launcher args:	-jar "C:\Users\ASUS\TRABAJO_GRUPO\Crud_ElectrodomesticosPerugachi_RODRIGUEM_rOGDRIGUES._RODRIGUEZ-F\out\artifacts\Crud_Electrodomesticos_jar\Crud_Electrodomesticos.exe"
Args length:	168/32768 chars
Exit code:	0
